<?xml version="1.0" encoding="UTF-8"?>
<!-- Generated by org.testng.reporters.JUnitReportReporter -->
<testsuite skipped="0" hostname="LAPTOP-1MVI6MI9" name="DDT.ExcelReading" tests="1" failures="0" timestamp="2022-01-08T22:59:02 IST" time="0.560" errors="0">
  <testcase name="getDifferentcellValues" time="0.560" classname="DDT.ExcelReading"/>
  <system-out/>
</testsuite> <!-- DDT.ExcelReading -->
