<?xml version="1.0" encoding="UTF-8"?>
<!-- Generated by org.testng.reporters.JUnitReportReporter -->
<testsuite skipped="0" hostname="LAPTOP-1MVI6MI9" name="Mock.TakeScreenShot1" tests="1" failures="0" timestamp="2022-01-22T23:48:00 IST" time="0.019" errors="0">
  <testcase name="dateformate1" time="0.019" classname="Mock.TakeScreenShot1"/>
  <system-out/>
</testsuite> <!-- Mock.TakeScreenShot1 -->
