<?xml version="1.0" encoding="UTF-8"?>
<!-- Generated by org.testng.reporters.JUnitReportReporter -->
<testsuite skipped="0" hostname="LAPTOP-1MVI6MI9" name="TESTNGANNoTATION.TestParallelclassone" tests="2" failures="0" timestamp="2022-01-18T14:51:18 IST" time="0.014" errors="0">
  <testcase name="testcaseTwo" time="0.003" classname="TESTNGANNoTATION.TestParallelclassone"/>
  <system-out/>
  <testcase name="testcaseOne" time="0.011" classname="TESTNGANNoTATION.TestParallelclassone"/>
  <system-out/>
</testsuite> <!-- TESTNGANNoTATION.TestParallelclassone -->
