<?xml version="1.0" encoding="UTF-8"?>
<!-- Generated by org.testng.reporters.JUnitReportReporter -->
<testsuite skipped="0" hostname="LAPTOP-1MVI6MI9" name="TESTNGANNoTATION.IncludeAndExcludeTestMethods" tests="3" failures="0" timestamp="2022-01-18T12:39:03 IST" time="0.003" errors="0">
  <testcase name="addDepartmentTestCase" time="0.000" classname="TESTNGANNoTATION.IncludeAndExcludeTestMethods"/>
  <system-out/>
  <testcase name="addLocationTestCase" time="0.002" classname="TESTNGANNoTATION.IncludeAndExcludeTestMethods"/>
  <system-out/>
  <testcase name="addEmployeeTestCase" time="0.001" classname="TESTNGANNoTATION.IncludeAndExcludeTestMethods"/>
  <system-out/>
</testsuite> <!-- TESTNGANNoTATION.IncludeAndExcludeTestMethods -->
