<?xml version="1.0" encoding="UTF-8"?>
<!-- Generated by org.testng.reporters.JUnitReportReporter -->
<testsuite skipped="0" hostname="LAPTOP-1MVI6MI9" name="TestNGAnnotationAtributes.Groups" tests="4" failures="0" timestamp="2022-01-19T21:01:04 IST" time="0.016" errors="0">
  <testcase name="wipro" time="0.002" classname="TestNGAnnotationAtributes.Groups"/>
  <system-out/>
  <testcase name="kidtree" time="0.001" classname="TestNGAnnotationAtributes.Groups"/>
  <system-out/>
  <testcase name="infosys" time="0.011" classname="TestNGAnnotationAtributes.Groups"/>
  <system-out/>
  <testcase name="technip" time="0.002" classname="TestNGAnnotationAtributes.Groups"/>
  <system-out/>
</testsuite> <!-- TestNGAnnotationAtributes.Groups -->
