<?xml version="1.0" encoding="UTF-8"?>
<!-- Generated by org.testng.reporters.JUnitReportReporter -->
<testsuite skipped="0" hostname="LAPTOP-1MVI6MI9" name="TestNg.ThirdClass" tests="4" failures="0" timestamp="2022-01-19T20:41:57 IST" time="0.014" errors="0">
  <testcase name="SignUp" time="0.009" classname="TestNg.ThirdClass"/>
  <system-out/>
  <testcase name="Login" time="0.001" classname="TestNg.ThirdClass"/>
  <system-out/>
  <testcase name="compose" time="0.002" classname="TestNg.ThirdClass"/>
  <system-out/>
  <testcase name="draft" time="0.002" classname="TestNg.ThirdClass"/>
  <system-out/>
</testsuite> <!-- TestNg.ThirdClass -->
