<?xml version="1.0" encoding="UTF-8"?>
<!-- Generated by org.testng.reporters.JUnitReportReporter -->
<testsuite skipped="3" hostname="LAPTOP-1MVI6MI9" name="TESTNGANNoTATION.DataProviderExample2" tests="3" failures="0" timestamp="2022-01-17T15:01:29 IST" time="0.000" errors="0">
  <testcase name="LoginInVtiger" time="0.000" classname="TESTNGANNoTATION.DataProviderExample2">
    <skipped/>
  </testcase> <!-- LoginInVtiger -->
  <system-out/>
  <testcase name="LoginInVtiger" time="0.000" classname="TESTNGANNoTATION.DataProviderExample2">
    <skipped/>
  </testcase> <!-- LoginInVtiger -->
  <system-out/>
  <testcase name="LoginInVtiger" time="0.000" classname="TESTNGANNoTATION.DataProviderExample2">
    <skipped/>
  </testcase> <!-- LoginInVtiger -->
  <system-out/>
</testsuite> <!-- TESTNGANNoTATION.DataProviderExample2 -->
