<?xml version="1.0" encoding="UTF-8"?>
<!-- Generated by org.testng.reporters.JUnitReportReporter -->
<testsuite skipped="0" hostname="LAPTOP-1MVI6MI9" name="TestNGAnnotationAtributes.dependsOnMethodsgroups" tests="6" failures="0" timestamp="2022-01-17T17:11:32 IST" time="0.006" errors="0">
  <testcase name="testcase3" time="0.001" classname="TestNGAnnotationAtributes.dependsOnMethodsgroups"/>
  <system-out/>
  <testcase name="testcase2" time="0.001" classname="TestNGAnnotationAtributes.dependsOnMethodsgroups"/>
  <system-out/>
  <testcase name="testcase3" time="0.001" classname="TestNGAnnotationAtributes.dependsOnMethodsgroups"/>
  <system-out/>
  <testcase name="testcase3" time="0.001" classname="TestNGAnnotationAtributes.dependsOnMethodsgroups"/>
  <system-out/>
  <testcase name="testcase3" time="0.001" classname="TestNGAnnotationAtributes.dependsOnMethodsgroups"/>
  <system-out/>
  <testcase name="testcase1" time="0.001" classname="TestNGAnnotationAtributes.dependsOnMethodsgroups"/>
  <system-out/>
</testsuite> <!-- TestNGAnnotationAtributes.dependsOnMethodsgroups -->
