<?xml version="1.0" encoding="UTF-8"?>
<!-- Generated by org.testng.reporters.JUnitReportReporter -->
<testsuite skipped="0" hostname="LAPTOP-1MVI6MI9" name="TESTNGANNoTATION.SampleClass1" tests="1" failures="0" timestamp="2022-01-17T21:43:24 IST" time="0.008" errors="0">
  <testcase name="testcase1" time="0.008" classname="TESTNGANNoTATION.SampleClass1"/>
  <system-out/>
</testsuite> <!-- TESTNGANNoTATION.SampleClass1 -->
