<?xml version="1.0" encoding="UTF-8"?>
<!-- Generated by org.testng.reporters.JUnitReportReporter -->
<testsuite skipped="0" hostname="LAPTOP-1MVI6MI9" name="DDT.ExcelReading1of2" tests="2" failures="0" timestamp="2022-01-16T13:54:07 IST" time="0.749" errors="0">
  <testcase name="getEachRowFirstCellValue" time="0.052" classname="DDT.ExcelReading1of2"/>
  <system-out/>
  <testcase name="getEachRowAllCellValue" time="0.697" classname="DDT.ExcelReading1of2"/>
  <system-out/>
</testsuite> <!-- DDT.ExcelReading1of2 -->
