<?xml version="1.0" encoding="UTF-8"?>
<!-- Generated by org.testng.reporters.JUnitReportReporter -->
<testsuite skipped="2" hostname="LAPTOP-1MVI6MI9" name="TESTNGANNoTATION.Annotations3" tests="2" failures="0" timestamp="2022-01-17T15:01:29 IST" time="0.000" errors="0">
  <testcase name="taskcreation" time="0.000" classname="TESTNGANNoTATION.Annotations3">
    <skipped/>
  </testcase> <!-- taskcreation -->
  <system-out/>
  <testcase name="taskdelete" time="0.000" classname="TESTNGANNoTATION.Annotations3">
    <skipped/>
  </testcase> <!-- taskdelete -->
  <system-out/>
</testsuite> <!-- TESTNGANNoTATION.Annotations3 -->
