<?xml version="1.0" encoding="UTF-8"?>
<!-- Generated by org.testng.reporters.JUnitReportReporter -->
<testsuite skipped="0" hostname="LAPTOP-1MVI6MI9" name="TestNGAnnotationAtributes.Dependson" tests="3" failures="0" timestamp="2022-01-17T17:11:32 IST" time="0.002" errors="0">
  <testcase name="mobilestudentlogin" time="0.001" classname="TestNGAnnotationAtributes.Dependson"/>
  <system-out/>
  <testcase name="WebstudentLogin" time="0.000" classname="TestNGAnnotationAtributes.Dependson"/>
  <system-out/>
  <testcase name="APIstudentLogin" time="0.001" classname="TestNGAnnotationAtributes.Dependson"/>
  <system-out/>
</testsuite> <!-- TestNGAnnotationAtributes.Dependson -->
