<?xml version="1.0" encoding="UTF-8"?>
<!-- Generated by org.testng.reporters.JUnitReportReporter -->
<testsuite skipped="0" hostname="LAPTOP-1MVI6MI9" name="DDT.ExcelReading1of3" tests="1" failures="0" timestamp="2022-01-16T11:47:25 IST" time="0.009" errors="0">
  <testcase name="createNewExcelFile" time="0.009" classname="DDT.ExcelReading1of3"/>
  <system-out/>
</testsuite> <!-- DDT.ExcelReading1of3 -->
