<?xml version="1.0" encoding="UTF-8"?>
<!-- Generated by org.testng.reporters.JUnitReportReporter -->
<testsuite skipped="0" hostname="LAPTOP-1MVI6MI9" name="TestNg.Actitime_Enabled" tests="1" failures="0" timestamp="2022-01-17T16:35:15 IST" time="20.079" errors="0">
  <testcase name="openbrowserandAppurl" time="20.079" classname="TestNg.Actitime_Enabled"/>
  <system-out/>
</testsuite> <!-- TestNg.Actitime_Enabled -->
