<?xml version="1.0" encoding="UTF-8"?>
<!-- Generated by org.testng.reporters.JUnitReportReporter -->
<testsuite skipped="0" hostname="LAPTOP-1MVI6MI9" name="TestNGAnnotationAtributes.Priority" tests="3" failures="0" timestamp="2022-01-17T17:11:32 IST" time="0.006" errors="0">
  <testcase name="mango" time="0.001" classname="TestNGAnnotationAtributes.Priority"/>
  <system-out/>
  <testcase name="watermelon" time="0.003" classname="TestNGAnnotationAtributes.Priority"/>
  <system-out/>
  <testcase name="apple" time="0.002" classname="TestNGAnnotationAtributes.Priority"/>
  <system-out/>
</testsuite> <!-- TestNGAnnotationAtributes.Priority -->
