<?xml version="1.0" encoding="UTF-8"?>
<!-- Generated by org.testng.reporters.JUnitReportReporter -->
<testsuite skipped="2" hostname="LAPTOP-1MVI6MI9" name="TestNg.Actitime_enabled1" tests="9" failures="0" timestamp="2022-01-19T18:06:57 IST" time="0.024" errors="0">
  <testcase name="invocationcount" time="0.002" classname="TestNg.Actitime_enabled1"/>
  <system-out/>
  <testcase name="invocationcount" time="0.002" classname="TestNg.Actitime_enabled1"/>
  <system-out/>
  <testcase name="invocationcount" time="0.003" classname="TestNg.Actitime_enabled1"/>
  <system-out/>
  <testcase name="invocationcount" time="0.002" classname="TestNg.Actitime_enabled1"/>
  <system-out/>
  <testcase name="invocationcount" time="0.001" classname="TestNg.Actitime_enabled1"/>
  <system-out/>
  <testcase name="createtask" time="0.012" classname="TestNg.Actitime_enabled1"/>
  <system-out/>
  <testcase name="openBrowserAndAppURL" time="0.002" classname="TestNg.Actitime_enabled1"/>
  <system-out/>
  <testcase name="login" classname="TestNg.Actitime_enabled1">
    <skipped/>
  </testcase> <!-- login -->
  <system-out/>
  <testcase name="logoutclose" classname="TestNg.Actitime_enabled1">
    <skipped/>
  </testcase> <!-- logoutclose -->
  <system-out/>
</testsuite> <!-- TestNg.Actitime_enabled1 -->
