<?xml version="1.0" encoding="UTF-8"?>
<!-- Generated by org.testng.reporters.JUnitReportReporter -->
<testsuite skipped="0" hostname="LAPTOP-1MVI6MI9" name="TESTNGANNoTATION.DataProviderExample" tests="3" failures="0" timestamp="2022-01-18T15:07:45 IST" time="134.589" errors="0">
  <testcase name="testLoginofVtiger" time="36.266" classname="TESTNGANNoTATION.DataProviderExample"/>
  <system-out/>
  <testcase name="testLoginofVtiger" time="24.717" classname="TESTNGANNoTATION.DataProviderExample"/>
  <system-out/>
  <testcase name="testLoginofVtiger" time="73.606" classname="TESTNGANNoTATION.DataProviderExample"/>
  <system-out/>
</testsuite> <!-- TESTNGANNoTATION.DataProviderExample -->
