<?xml version="1.0" encoding="UTF-8"?>
<!-- Generated by org.testng.reporters.JUnitReportReporter -->
<testsuite skipped="0" hostname="LAPTOP-1MVI6MI9" name="TESTNGANNoTATION.parameterization1" tests="3" failures="0" timestamp="2022-01-18T14:44:49 IST" time="17.526" errors="0">
  <testcase name="logininActitime" time="17.512" classname="TESTNGANNoTATION.parameterization1"/>
  <system-out/>
  <testcase name="browseropen" time="0.013" classname="TESTNGANNoTATION.parameterization1"/>
  <system-out/>
  <testcase name="Signuptest" time="0.001" classname="TESTNGANNoTATION.parameterization1"/>
  <system-out/>
</testsuite> <!-- TESTNGANNoTATION.parameterization1 -->
