<?xml version="1.0" encoding="UTF-8"?>
<!-- Generated by org.testng.reporters.JUnitReportReporter -->
<testsuite skipped="0" hostname="LAPTOP-1MVI6MI9" name="SwitchFrameAlertCalender.CalenderHandling1" tests="1" failures="0" timestamp="2022-01-04T14:54:48 IST" time="19.424" errors="0">
  <testcase name="Redbusbooking" time="19.424" classname="SwitchFrameAlertCalender.CalenderHandling1"/>
  <system-out/>
</testsuite> <!-- SwitchFrameAlertCalender.CalenderHandling1 -->
