<?xml version="1.0" encoding="UTF-8"?>
<!-- Generated by org.testng.reporters.JUnitReportReporter -->
<testsuite skipped="0" hostname="LAPTOP-1MVI6MI9" name="DDT.ExcelReading1of1" tests="1" failures="0" timestamp="2022-01-15T22:56:46 IST" time="0.605" errors="0">
  <testcase name="getcellOperation" time="0.605" classname="DDT.ExcelReading1of1"/>
  <system-out/>
</testsuite> <!-- DDT.ExcelReading1of1 -->
