<?xml version="1.0" encoding="UTF-8"?>
<!-- Generated by org.testng.reporters.JUnitReportReporter -->
<testsuite skipped="0" hostname="LAPTOP-1MVI6MI9" name="TESTNGANNoTATION.ParallelExecutionofMethods" tests="2" failures="0" timestamp="2022-01-18T14:47:01 IST" time="0.013" errors="0">
  <testcase name="testcaseone" time="0.002" classname="TESTNGANNoTATION.ParallelExecutionofMethods"/>
  <system-out/>
  <testcase name="testcaseTwo" time="0.011" classname="TESTNGANNoTATION.ParallelExecutionofMethods"/>
  <system-out/>
</testsuite> <!-- TESTNGANNoTATION.ParallelExecutionofMethods -->
