<?xml version="1.0" encoding="UTF-8"?>
<!-- Generated by org.testng.reporters.JUnitReportReporter -->
<testsuite skipped="0" hostname="LAPTOP-1MVI6MI9" name="TestNGAnnotationAtributes.Description" tests="3" failures="0" timestamp="2022-01-18T08:33:31 IST" time="0.011" errors="0">
  <testcase name="testcase1" time="0.009" classname="TestNGAnnotationAtributes.Description"/>
  <system-out/>
  <testcase name="testcase2" time="0.001" classname="TestNGAnnotationAtributes.Description"/>
  <system-out/>
  <testcase name="workhard" time="0.001" classname="TestNGAnnotationAtributes.Description"/>
  <system-out/>
</testsuite> <!-- TestNGAnnotationAtributes.Description -->
