<?xml version="1.0" encoding="UTF-8"?>
<!-- Generated by org.testng.reporters.JUnitReportReporter -->
<testsuite skipped="0" hostname="LAPTOP-1MVI6MI9" name="TestNg.Sample4" tests="2" failures="0" timestamp="2022-01-16T22:34:49 IST" time="0.007" errors="0">
  <testcase name="a_signUp" time="0.001" classname="TestNg.Sample4"/>
  <system-out/>
  <testcase name="C_compose" time="0.006" classname="TestNg.Sample4"/>
  <system-out/>
</testsuite> <!-- TestNg.Sample4 -->
