<?xml version="1.0" encoding="UTF-8"?>
<!-- Generated by org.testng.reporters.JUnitReportReporter -->
<testsuite skipped="1" hostname="LAPTOP-1MVI6MI9" name="TestNGAnnotationAtributes.enabled" tests="3" failures="0" timestamp="2022-01-17T17:11:32 IST" time="0.006" errors="0">
  <testcase name="c_language" time="0.002" classname="TestNGAnnotationAtributes.enabled"/>
  <system-out/>
  <testcase name="java" time="0.004" classname="TestNGAnnotationAtributes.enabled"/>
  <system-out/>
  <testcase name="jira" classname="TestNGAnnotationAtributes.enabled">
    <skipped/>
  </testcase> <!-- jira -->
  <system-out/>
</testsuite> <!-- TestNGAnnotationAtributes.enabled -->
