<?xml version="1.0" encoding="UTF-8"?>
<!-- Generated by org.testng.reporters.JUnitReportReporter -->
<testsuite skipped="2" hostname="LAPTOP-1MVI6MI9" name="TESTNGANNoTATION.GoogleMethodWithBeforeAfterMethod" tests="2" failures="0" timestamp="2022-01-17T15:01:29 IST" time="0.000" errors="0">
  <testcase name="testSearch" time="0.000" classname="TESTNGANNoTATION.GoogleMethodWithBeforeAfterMethod">
    <skipped/>
  </testcase> <!-- testSearch -->
  <system-out/>
  <testcase name="testgoogleLandingpage" time="0.000" classname="TESTNGANNoTATION.GoogleMethodWithBeforeAfterMethod">
    <skipped/>
  </testcase> <!-- testgoogleLandingpage -->
  <system-out/>
</testsuite> <!-- TESTNGANNoTATION.GoogleMethodWithBeforeAfterMethod -->
