<?xml version="1.0" encoding="UTF-8"?>
<!-- Generated by org.testng.reporters.JUnitReportReporter -->
<testsuite skipped="1" hostname="LAPTOP-1MVI6MI9" name="TESTNGANNoTATION.TestCaseExecutionControl" tests="4" failures="0" timestamp="2022-01-17T22:22:46 IST" time="0.013" errors="0">
  <testcase name="testcasesignup" time="0.010" classname="TESTNGANNoTATION.TestCaseExecutionControl"/>
  <system-out/>
  <testcase name="testcaseLogin" time="0.001" classname="TESTNGANNoTATION.TestCaseExecutionControl"/>
  <system-out/>
  <testcase name="testcaseCreation" time="0.002" classname="TESTNGANNoTATION.TestCaseExecutionControl"/>
  <system-out/>
  <testcase name="testcaseDeletion" classname="TESTNGANNoTATION.TestCaseExecutionControl">
    <skipped/>
  </testcase> <!-- testcaseDeletion -->
  <system-out/>
</testsuite> <!-- TESTNGANNoTATION.TestCaseExecutionControl -->
