<?xml version="1.0" encoding="UTF-8"?>
<!-- Generated by org.testng.reporters.JUnitReportReporter -->
<testsuite skipped="0" hostname="LAPTOP-1MVI6MI9" name="TESTNGANNoTATION.Annotation2" tests="2" failures="0" timestamp="2022-01-17T15:05:24 IST" time="0.008" errors="0">
  <testcase name="taskcreation" time="0.006" classname="TESTNGANNoTATION.Annotation2"/>
  <system-out/>
  <testcase name="deleteTask" time="0.002" classname="TESTNGANNoTATION.Annotation2"/>
  <system-out/>
</testsuite> <!-- TESTNGANNoTATION.Annotation2 -->
