<?xml version="1.0" encoding="UTF-8"?>
<!-- Generated by org.testng.reporters.JUnitReportReporter -->
<testsuite skipped="0" hostname="LAPTOP-1MVI6MI9" name="SwitchFrameAlert.FrameHandling" tests="4" failures="0" timestamp="2021-12-21T23:24:22 IST" time="8.744" errors="0">
  <testcase name="openbrowserandhiturl" time="8.205" classname="SwitchFrameAlert.FrameHandling"/>
  <system-out/>
  <testcase name="identifyframebyindex" time="0.030" classname="SwitchFrameAlert.FrameHandling"/>
  <system-out/>
  <testcase name="draganddrop" time="0.466" classname="SwitchFrameAlert.FrameHandling"/>
  <system-out/>
  <testcase name="swcitchtobacktomainpage" time="0.043" classname="SwitchFrameAlert.FrameHandling"/>
  <system-out/>
</testsuite> <!-- SwitchFrameAlert.FrameHandling -->
