<?xml version="1.0" encoding="UTF-8"?>
<!-- Generated by org.testng.reporters.JUnitReportReporter -->
<testsuite skipped="0" hostname="LAPTOP-1MVI6MI9" name="TestNg.SecondNgclass" tests="3" failures="0" timestamp="2022-01-17T16:22:32 IST" time="0.011" errors="0">
  <testcase name="draft" time="0.001" classname="TestNg.SecondNgclass"/>
  <system-out/>
  <testcase name="Login" time="0.009" classname="TestNg.SecondNgclass"/>
  <system-out/>
  <testcase name="signUp" time="0.001" classname="TestNg.SecondNgclass"/>
  <system-out/>
</testsuite> <!-- TestNg.SecondNgclass -->
