<?xml version="1.0" encoding="UTF-8"?>
<!-- Generated by org.testng.reporters.JUnitReportReporter -->
<testsuite skipped="0" hostname="LAPTOP-1MVI6MI9" name="TestNg.STENTng" tests="1" failures="0" timestamp="2022-01-16T22:42:25 IST" time="0.010" errors="0">
  <testcase name="f" time="0.010" classname="TestNg.STENTng"/>
  <system-out/>
</testsuite> <!-- TestNg.STENTng -->
