<?xml version="1.0" encoding="UTF-8"?>
<!-- Generated by org.testng.reporters.JUnitReportReporter -->
<testsuite skipped="0" hostname="LAPTOP-1MVI6MI9" name="TestNg.SetTestcaseorderPriority" tests="5" failures="0" timestamp="2022-01-17T15:14:34 IST" time="0.020" errors="0">
  <testcase name="testcasesignup" time="0.011" classname="TestNg.SetTestcaseorderPriority"/>
  <system-out/>
  <testcase name="testcaselogin" time="0.003" classname="TestNg.SetTestcaseorderPriority"/>
  <system-out/>
  <testcase name="testcasedelation" time="0.003" classname="TestNg.SetTestcaseorderPriority"/>
  <system-out/>
  <testcase name="testcaseadmore" time="0.001" classname="TestNg.SetTestcaseorderPriority"/>
  <system-out/>
  <testcase name="testcasecreation" time="0.002" classname="TestNg.SetTestcaseorderPriority"/>
  <system-out/>
</testsuite> <!-- TestNg.SetTestcaseorderPriority -->
