<?xml version="1.0" encoding="UTF-8"?>
<!-- Generated by org.testng.reporters.JUnitReportReporter -->
<testsuite skipped="0" hostname="LAPTOP-1MVI6MI9" name="TESTNGANNoTATION.ClassLableAnnotations" tests="3" failures="0" timestamp="2022-01-17T15:07:43 IST" time="0.012" errors="0">
  <testcase name="testcase3" time="0.001" classname="TESTNGANNoTATION.ClassLableAnnotations"/>
  <system-out/>
  <testcase name="testcase1" time="0.010" classname="TESTNGANNoTATION.ClassLableAnnotations"/>
  <system-out/>
  <testcase name="testcase2" time="0.001" classname="TESTNGANNoTATION.ClassLableAnnotations"/>
  <system-out/>
</testsuite> <!-- TESTNGANNoTATION.ClassLableAnnotations -->
