<?xml version="1.0" encoding="UTF-8"?>
<!-- Generated by org.testng.reporters.JUnitReportReporter -->
<testsuite skipped="0" hostname="LAPTOP-1MVI6MI9" name="TestNg.Actitime" tests="4" failures="0" timestamp="2021-12-19T11:33:21 IST" time="13.843" errors="0">
  <testcase name="a_openBrowserandappurl" time="13.163" classname="TestNg.Actitime"/>
  <system-out/>
  <testcase name="d_logoutclose" time="0.111" classname="TestNg.Actitime"/>
  <system-out/>
  <testcase name="b_login" time="0.562" classname="TestNg.Actitime"/>
  <system-out/>
  <testcase name="c_createTask" time="0.007" classname="TestNg.Actitime"/>
  <system-out/>
</testsuite> <!-- TestNg.Actitime -->
