<?xml version="1.0" encoding="UTF-8"?>
<!-- Generated by org.testng.reporters.JUnitReportReporter -->
<testsuite skipped="0" hostname="LAPTOP-1MVI6MI9" name="TestNg.Demo1" tests="1" failures="0" timestamp="2022-01-16T22:26:53 IST" time="0.008" errors="0">
  <testcase name="testsample" time="0.008" classname="TestNg.Demo1"/>
  <system-out/>
</testsuite> <!-- TestNg.Demo1 -->
