<?xml version="1.0" encoding="UTF-8"?>
<!-- Generated by org.testng.reporters.JUnitReportReporter -->
<testsuite skipped="0" hostname="LAPTOP-1MVI6MI9" name="SwitchFrameAlert.HandlinfAlerts" tests="1" failures="0" timestamp="2021-12-24T20:18:12 IST" time="25.253" errors="0">
  <testcase name="testAlert" time="25.253" classname="SwitchFrameAlert.HandlinfAlerts"/>
  <system-out/>
</testsuite> <!-- SwitchFrameAlert.HandlinfAlerts -->
