<?xml version="1.0" encoding="UTF-8"?>
<!-- Generated by org.testng.reporters.JUnitReportReporter -->
<testsuite skipped="0" hostname="LAPTOP-1MVI6MI9" name="SwitchFrameAlert.ActiveElement" tests="1" failures="0" timestamp="2021-12-24T13:06:01 IST" time="40.319" errors="0">
  <testcase name="testElements" time="40.319" classname="SwitchFrameAlert.ActiveElement"/>
  <system-out/>
</testsuite> <!-- SwitchFrameAlert.ActiveElement -->
