<?xml version="1.0" encoding="UTF-8"?>
<!-- Generated by org.testng.reporters.JUnitReportReporter -->
<testsuite skipped="0" hostname="LAPTOP-1MVI6MI9" name="TESTNGANNoTATION.TestcaseForExceptionAndTimeout" tests="3" failures="0" timestamp="2022-01-17T23:52:08 IST" time="0.520" errors="0">
  <testcase name="stringputasnull" time="0.003" classname="TESTNGANNoTATION.TestcaseForExceptionAndTimeout"/>
  <system-out/>
  <testcase name="DivideByZeroExample1" time="0.010" classname="TESTNGANNoTATION.TestcaseForExceptionAndTimeout"/>
  <system-out/>
  <testcase name="executetimeout" time="0.507" classname="TESTNGANNoTATION.TestcaseForExceptionAndTimeout"/>
  <system-out/>
</testsuite> <!-- TESTNGANNoTATION.TestcaseForExceptionAndTimeout -->
