<?xml version="1.0" encoding="UTF-8"?>
<!-- Generated by org.testng.reporters.JUnitReportReporter -->
<testsuite skipped="0" hostname="LAPTOP-1MVI6MI9" name="Mock.findTrainNumber" tests="1" failures="0" timestamp="2022-01-04T16:12:13 IST" time="11.632" errors="0">
  <testcase name="trainnumber" time="11.632" classname="Mock.findTrainNumber"/>
  <system-out/>
</testsuite> <!-- Mock.findTrainNumber -->
