<?xml version="1.0" encoding="UTF-8"?>
<!-- Generated by org.testng.reporters.JUnitReportReporter -->
<testsuite skipped="0" hostname="LAPTOP-1MVI6MI9" name="SwitchFrameAlertCalender.CalenderHandling" tests="1" failures="0" timestamp="2022-01-04T13:31:25 IST" time="20.455" errors="0">
  <testcase name="testAlerts" time="20.455" classname="SwitchFrameAlertCalender.CalenderHandling"/>
  <system-out/>
</testsuite> <!-- SwitchFrameAlertCalender.CalenderHandling -->
