<?xml version="1.0" encoding="UTF-8"?>
<!-- Generated by org.testng.reporters.JUnitReportReporter -->
<testsuite skipped="0" hostname="LAPTOP-1MVI6MI9" name="TESTNGANNoTATION.GoogleApplicationWithBeforeAfterTest" tests="2" failures="0" timestamp="2022-01-17T21:50:21 IST" time="11.853" errors="0">
  <testcase name="testGooglelandingPage" time="0.012" classname="TESTNGANNoTATION.GoogleApplicationWithBeforeAfterTest"/>
  <system-out/>
  <testcase name="testsearch" time="11.841" classname="TESTNGANNoTATION.GoogleApplicationWithBeforeAfterTest"/>
  <system-out/>
</testsuite> <!-- TESTNGANNoTATION.GoogleApplicationWithBeforeAfterTest -->
