<?xml version="1.0" encoding="UTF-8"?>
<!-- Generated by org.testng.reporters.JUnitReportReporter -->
<testsuite skipped="0" hostname="LAPTOP-1MVI6MI9" name="TESTNGANNoTATION.GroupExample" tests="5" failures="0" timestamp="2022-01-18T12:39:03 IST" time="0.017" errors="0">
  <testcase name="testcaseone" time="0.001" classname="TESTNGANNoTATION.GroupExample"/>
  <system-out/>
  <testcase name="testcasethree" time="0.003" classname="TESTNGANNoTATION.GroupExample"/>
  <system-out/>
  <testcase name="testcasetwo" time="0.002" classname="TESTNGANNoTATION.GroupExample"/>
  <system-out/>
  <testcase name="testcasefive" time="0.010" classname="TESTNGANNoTATION.GroupExample"/>
  <system-out/>
  <testcase name="testcasefour" time="0.001" classname="TESTNGANNoTATION.GroupExample"/>
  <system-out/>
</testsuite> <!-- TESTNGANNoTATION.GroupExample -->
