<?xml version="1.0" encoding="UTF-8"?>
<!-- Generated by org.testng.reporters.JUnitReportReporter -->
<testsuite skipped="0" hostname="LAPTOP-1MVI6MI9" name="DDT.ExcelReading2" tests="1" failures="0" timestamp="2022-01-09T00:22:16 IST" time="0.610" errors="0">
  <testcase name="getEachRowAllCellValue" time="0.610" classname="DDT.ExcelReading2"/>
  <system-out/>
</testsuite> <!-- DDT.ExcelReading2 -->
