<?xml version="1.0" encoding="UTF-8"?>
<!-- Generated by org.testng.reporters.JUnitReportReporter -->
<testsuite skipped="0" hostname="LAPTOP-1MVI6MI9" name="SwitchFrameAlert.WindowHandling" tests="1" failures="0" timestamp="2021-12-28T23:57:16 IST" time="28.866" errors="0">
  <testcase name="windowhandling" time="28.866" classname="SwitchFrameAlert.WindowHandling"/>
  <system-out/>
</testsuite> <!-- SwitchFrameAlert.WindowHandling -->
