<?xml version="1.0" encoding="UTF-8"?>
<!-- Generated by org.testng.reporters.JUnitReportReporter -->
<testsuite skipped="0" hostname="LAPTOP-1MVI6MI9" name="SwitchFrameAlert.ActiveElement1" tests="1" failures="0" timestamp="2021-12-24T13:21:50 IST" time="12.001" errors="0">
  <testcase name="testelement" time="12.001" classname="SwitchFrameAlert.ActiveElement1"/>
  <system-out/>
</testsuite> <!-- SwitchFrameAlert.ActiveElement1 -->
