<?xml version="1.0" encoding="UTF-8"?>
<!-- Generated by org.testng.reporters.JUnitReportReporter -->
<testsuite skipped="0" hostname="LAPTOP-1MVI6MI9" name="TESTNGANNoTATION.Parameterization" tests="2" failures="0" timestamp="2022-01-18T13:46:27 IST" time="23.658" errors="0">
  <testcase name="testcaseone" time="0.014" classname="TESTNGANNoTATION.Parameterization"/>
  <system-out/>
  <testcase name="testloginofActitime" time="23.644" classname="TESTNGANNoTATION.Parameterization"/>
  <system-out/>
</testsuite> <!-- TESTNGANNoTATION.Parameterization -->
